<?xml version="1.0" encoding="UTF-8"?>
<!-- Generated by org.testng.reporters.JUnitReportReporter -->
<testsuite hostname="Prudhvi" failures="0" tests="1" name="TestCases.RSignMain" time="811.058" errors="0" timestamp="2024-02-09T12:57:17 IST" skipped="0">
  <testcase classname="TestCases.RSignMain" name="rsignimanagegerman" time="811.058"/>
</testsuite> <!-- TestCases.RSignMain -->
